


ARM Macro Assembler    Page 1 


    1 00000000         ;; RK - Evalbot (Cortex M3 de Texas Instrument)
    2 00000000         ; programme - Pilotage 2 Moteurs Evalbot par PWM tout en
                        ASM (Evalbot tourne sur lui même)
    3 00000000         
    4 00000000         
    5 00000000                 AREA             |.text|, CODE, READONLY
    6 00000000         ; This register controls the clock gating logic in norma
                       l Run mode
    7 00000000 400FE108 
                       SYSCTL_PERIPH_GPIO
                               EQU              0x400FE108  ; SYSCTL_RCGC2_R (p
                                                            291 datasheet de lm
                                                            3s9b92.pdf)
    8 00000000         
    9 00000000         ; The GPIODATA register is the data register
   10 00000000 40025000 
                       GPIO_PORTF_BASE
                               EQU              0x40025000  ; GPIO Port F (APB)
                                                             base: 0x4002.5000 
                                                            (p416 datasheet de 
                                                            lm3s9B92.pdf)
   11 00000000         
   12 00000000         ; The GPIODATA register is the data register
   13 00000000 40007000 
                       GPIO_PORTD_BASE
                               EQU              0x40007000  ; GPIO Port D (APB)
                                                             base: 0x4000.7000 
                                                            (p416 datasheet de 
                                                            lm3s9B92.pdf)
   14 00000000         
   15 00000000 40024000 
                       GPIO_PORTE_BASE
                               EQU              0x40024000
   16 00000000         
   17 00000000         ; configure the corresponding pin to be an output
   18 00000000         ; all GPIO pins are inputs by default
   19 00000000 00000400 
                       GPIO_O_DIR
                               EQU              0x00000400  ; GPIO Direction (p
                                                            417 datasheet de lm
                                                            3s9B92.pdf)
   20 00000000         
   21 00000000         ; The GPIODR2R register is the 2-mA drive control regist
                       er
   22 00000000         ; By default, all GPIO pins have 2-mA drive.
   23 00000000 00000500 
                       GPIO_O_DR2R
                               EQU              0x00000500  ; GPIO 2-mA Drive S
                                                            elect (p428 datashe
                                                            et de lm3s9B92.pdf)
                                                            
   24 00000000         
   25 00000000         ; Digital enable register
   26 00000000         ; To use the pin as a digital input or output, the corre
                       sponding GPIODEN bit must be set.
   27 00000000 0000051C 
                       GPIO_O_DEN
                               EQU              0x0000051C  ; GPIO Digital Enab
                                                            le (p437 datasheet 



ARM Macro Assembler    Page 2 


                                                            de lm3s9B92.pdf)
   28 00000000         
   29 00000000         ; Pul_up
   30 00000000 00000510 
                       GPIO_I_PUR
                               EQU              0x00000510  ; GPIO Pull-Up (p43
                                                            2 datasheet de lm3s
                                                            9B92.pdf)
   31 00000000         
   32 00000000         ; Broches select
   33 00000000 00000030 
                       BROCHE4_5
                               EQU              0x30        ; led1 & led2 sur b
                                                            roche 4 et 5
   34 00000000         
   35 00000000 00000040 
                       BROCHE6 EQU              0x40        ; bouton poussoir 1
                                                            
   36 00000000         
   37 00000000 00000001 
                       BROCHE0 EQU              0x01        ;Bumper
   38 00000000 40028000 
                       PWM_BASE
                               EQU              0x040028000 ;BASE des Block PWM
                                                             p.1138
   39 00000000 40028058 
                       PWM0CMPA
                               EQU              PWM_BASE+0x058
   40 00000000         
   41 00000000         
   42 00000000         ; blinking frequency
   43 00000000 002FFFFF 
                       DUREE   EQU              0x002FFFFF
   44 00000000                 ENTRY
   45 00000000                 EXPORT           __main
   46 00000000         
   47 00000000         ;; The IMPORT command specifies that a symbol is defined
                        in a shared object at runtime.
   48 00000000                 IMPORT           MOTEUR_INIT ; initialise les mo
                                                            teurs (configure le
                                                            s pwms + GPIO)
   49 00000000         
   50 00000000                 IMPORT           MOTEUR_DROIT_ON ; activer le mo
                                                            teur droit
   51 00000000                 IMPORT           MOTEUR_DROIT_OFF ; déactiver le
                                                             moteur droit
   52 00000000                 IMPORT           MOTEUR_DROIT_AVANT ; moteur dro
                                                            it tourne vers l'av
                                                            ant
   53 00000000                 IMPORT           MOTEUR_DROIT_ARRIERE ; moteur d
                                                            roit tourne vers l'
                                                            arrière
   54 00000000                 IMPORT           MOTEUR_DROIT_INVERSE ; inverse 
                                                            le sens de rotation
                                                             du moteur droit
   55 00000000         
   56 00000000                 IMPORT           MOTEUR_GAUCHE_ON ; activer le m
                                                            oteur gauche
   57 00000000                 IMPORT           MOTEUR_GAUCHE_OFF ; déactiver l



ARM Macro Assembler    Page 3 


                                                            e moteur gauche
   58 00000000                 IMPORT           MOTEUR_GAUCHE_AVANT ; moteur ga
                                                            uche tourne vers l'
                                                            avant
   59 00000000                 IMPORT           MOTEUR_GAUCHE_ARRIERE ; moteur 
                                                            gauche tourne vers 
                                                            l'arrière
   60 00000000                 IMPORT           MOTEUR_GAUCHE_INVERSE ; inverse
                                                             le sens de rotatio
                                                            n du moteur gauche
   61 00000000         
   62 00000000         
   63 00000000         __main
   64 00000000         
   65 00000000         ; ;; Enable the Port F & D peripheral clock   (p291 data
                       sheet de lm3s9B96.pdf)
   66 00000000         ; ;;         
   67 00000000 4E32            ldr              r6, = SYSCTL_PERIPH_GPIO 
                                                            ;; RCGC2
   68 00000002 F04F 0038       mov              r0, #0x00000038 ;; Enable clock
                                                             sur GPIO D et F où
                                                             sont branchés les 
                                                            leds (0x28 == 0b101
                                                            000)
   69 00000006         ; ;;                              (GPIO::FEDCBA)
   70 00000006 6030            str              r0, [r6]
   71 00000008         
   72 00000008         ; ;; "There must be a delay of 3 system clocks before an
                       y GPIO reg. access  (p413 datasheet de lm3s9B92.pdf)
   73 00000008 BF00            nop                          ;; tres tres import
                                                            ant....
   74 0000000A BF00            nop
   75 0000000C BF00            nop                          ;; pas necessaire e
                                                            n simu ou en debbug
                                                             step by step...
   76 0000000E         
   77 0000000E         ;^^^^^^^^^^^^^^^^^^^^^^^^^^^^^^CONFIGURATION LED
   78 0000000E         
   79 0000000E 4E30            ldr              r6, = GPIO_PORTF_BASE+GPIO_O_DI
R 
                                                            ;; 1 Pin du portF e
                                                            n sortie (broche 4 
                                                            : 00010000)
   80 00000010 F04F 0030       ldr              r0, = BROCHE4_5
   81 00000014 6030            str              r0, [r6]
   82 00000016         
   83 00000016 4E2F            ldr              r6, = GPIO_PORTF_BASE+GPIO_O_DE
N 
                                                            ;; Enable Digital F
                                                            unction 
   84 00000018 F04F 0030       ldr              r0, = BROCHE4_5
   85 0000001C 6030            str              r0, [r6]
   86 0000001E         
   87 0000001E 4E2E            ldr              r6, = GPIO_PORTF_BASE+GPIO_O_DR
2R 
                                                            ;; Choix de l'inten
                                                            sité de sortie (2mA
                                                            )
   88 00000020 F04F 0030       ldr              r0, = BROCHE4_5



ARM Macro Assembler    Page 4 


   89 00000024 6030            str              r0, [r6]
   90 00000026         
   91 00000026 F04F 0200       mov              r2, #0x000  ;; pour eteindre LE
                                                            D
   92 0000002A         
   93 0000002A         ; allumer la led broche 4 (BROCHE4_5)
   94 0000002A F04F 0330       mov              r3, #BROCHE4_5 ;; Allume LED1&2
                                                             portF broche 4&5 :
                                                             00110000
   95 0000002E         
   96 0000002E 4E2B            ldr              r6, = GPIO_PORTF_BASE + (BROCHE
4_5<<2) 
                                                            ;; @data Register =
                                                             @base + (mask<<2) 
                                                            ==> LED1
   97 00000030         ;vvvvvvvvvvvvvvvvvvvvvvvFin configuration LED 
   98 00000030         
   99 00000030         
  100 00000030         
  101 00000030         ;^^^^^^^^^^^^^^^^^^^^^^^^^^^^^^CONFIGURATION Switcher 1
  102 00000030         
  103 00000030 4F2B            ldr              r7, = GPIO_PORTD_BASE+GPIO_I_PU
R 
                                                            ;; Pul_up 
  104 00000032 F04F 0040       ldr              r0, = BROCHE6
  105 00000036 6038            str              r0, [r7]
  106 00000038         
  107 00000038 4F2A            ldr              r7, = GPIO_PORTD_BASE+GPIO_O_DE
N 
                                                            ;; Enable Digital F
                                                            unction 
  108 0000003A F04F 0040       ldr              r0, = BROCHE6
  109 0000003E 6038            str              r0, [r7]
  110 00000040         
  111 00000040 4F29            ldr              r7, = GPIO_PORTD_BASE + (BROCHE
6<<2) 
                                                            ;; @data Register =
                                                             @base + (mask<<2) 
                                                            ==> Switcher
  112 00000042         ;vvvvvvvvvvvvvvvvvvvvvvvFin configuration Switcher
  113 00000042         
  114 00000042         
  115 00000042         ;^^^^^^^^^^^^^^^^^^^^^^^^^^^^^^CONFIGURATION Bumper gauc
                       he
  116 00000042 F8DF D0A8       ldr              r13, = GPIO_PORTE_BASE+GPIO_I_P
UR 
                                                            ;; Pul_up 
  117 00000046 F04F 0001       ldr              r0, = BROCHE0
  118 0000004A 9000            str              r0, [r13]
  119 0000004C         
  120 0000004C F8DF D0A0       ldr              r13, = GPIO_PORTE_BASE+GPIO_O_D
EN 
                                                            ;; Enable Digital F
                                                            unction 
  121 00000050 F04F 0001       ldr              r0, = BROCHE0
  122 00000054 9000            str              r0, [r13]
  123 00000056         
  124 00000056 F8DF D09C       ldr              r13, = GPIO_PORTE_BASE + (BROCH
E0<<2) 



ARM Macro Assembler    Page 5 


                                                            ;; @data Register =
                                                             @base + (mask<<2) 
                                                            ==> Switcher
  125 0000005A         ;vvvvvvvvvvvvvvvvvvvvvvvFin configuration Switcher
  126 0000005A         
  127 0000005A         ; Configure les PWM + GPIO
  128 0000005A F7FF FFFE       BL               MOTEUR_INIT
  129 0000005E         ;; BL Branchement vers un lien (sous programme)
  130 0000005E 4E1F            ldr              r6, = GPIO_PORTF_BASE + (BROCHE
4_5<<2)
  131 00000060 6033            str              r3, [r6]
  132 00000062         
  133 00000062         
  134 00000062         switch1
  135 00000062         
  136 00000062 F8D7 C000       ldr              r12, [r7]
  137 00000066 F1BC 0F00       CMP              r12,#0x00
  138 0000006A D1FA            BNE              switch1
  139 0000006C         
  140 0000006C         ; Activer les deux moteurs droit et gauche
  141 0000006C F7FF FFFE       BL               MOTEUR_DROIT_ON
  142 00000070 F7FF FFFE       BL               MOTEUR_GAUCHE_ON
  143 00000074         
  144 00000074         ; Boucle de pilotage des 2 Moteurs (Evalbot tourne sur l
                       ui même)
  145 00000074         ;loop 
  146 00000074         ; Evalbot avance droit devant
  147 00000074 F7FF FFFE       BL               MOTEUR_DROIT_ARRIERE
  148 00000078 F7FF FFFE       BL               MOTEUR_GAUCHE_ARRIERE
  149 0000007C         
  150 0000007C         ; Avancement pendant une période (deux WAIT)
  151 0000007C F000 F802       BL               WAIT        ; BL (Branchement v
                                                            ers le lien WAIT); 
                                                            possibilité de reto
                                                            ur à la suite avec 
                                                            (BX LR)
  152 00000080 F000 F800       BL               WAIT
  153 00000084         
  154 00000084         ; Rotation à droite de l'Evalbot pendant une demi-périod
                       e (1 seul WAIT)
  155 00000084         ;BL MOTEUR_DROIT_ARRIERE   ; MOTEUR_DROIT_INVERSE
  156 00000084         ;BL WAIT
  157 00000084         
  158 00000084         
  159 00000084         
  160 00000084 491C    WAIT    ldr              r1, =0xAFFFFF
  161 00000086         ;; pour la duree de la boucle d'attente2 (wait2)
  162 00000086         wait13
  163 00000086         ;Au moment de faire les rotations, pour pouvoir écouter 
                       les autres ports, à chaque fois qu'on rentre dans le wai
                       t faires clignoter les leds
  164 00000086         ; peut êtee mettre un compteur dans cette boucle pour ne
                        pas activer les leds a chaque fois et faire une crise d
                       'épilepsie 
  165 00000086         bump1
  166 00000086         
  167 00000086 F8DD E000       ldr              r14, [r13]
  168 0000008A F1BE 0F00       CMP              r14,#0x00
  169 0000008E         



ARM Macro Assembler    Page 6 


  170 0000008E D1FA            BNE              bump1
  171 00000090         
  172 00000090 4E1A            ldr              r6, =PWM0CMPA ;Valeur rapport c
                                                            yclique : pour 10% 
                                                            => 1C2h si clock = 
                                                            0F42400
  173 00000092 F44F 70C0       mov              r0, 0x180   ; vitesse de la rou
                                                            e droite
  174 00000096 6030            str              r0, [r6]
  175 00000098 F7FF FFFE       BL               MOTEUR_DROIT_AVANT ;fait tourne
                                                            r une roue dans l'a
                                                            utre sens moins vit
                                                            e pour tourner
  176 0000009C 4E0F            ldr              r6, = GPIO_PORTF_BASE + (BROCHE
4_5<<2)
  177 0000009E 6032            str              r2, [r6]    ;; Eteint LED car r
                                                            2 = 0x00 
  178 000000A0 4E17            ldr              r6, = GPIO_PORTF_BASE + (0x10<<
2)
  179 000000A2 6033            str              r3, [r6]
  180 000000A4 F000 F80C       BL               WAIT5
  181 000000A8         loop2
  182 000000A8 4E14            ldr              r6, =PWM0CMPA ;Valeur rapport c
                                                            yclique : pour 10% 
                                                            => 1C2h si clock = 
                                                            0F42400
  183 000000AA F44F 7080       mov              r0, 0x100
  184 000000AE 6030            str              r0, [r6]
  185 000000B0 F7FF FFFE       BL               MOTEUR_DROIT_ARRIERE
  186 000000B4 4E09            ldr              r6, = GPIO_PORTF_BASE + (BROCHE
4_5<<2)
  187 000000B6 6033            str              r3, [r6]
  188 000000B8 F1BE 0F00       CMP              r14,#0x00
  189 000000BC D1E3            BNE              bump1
  190 000000BE E7F3            b                loop2
  191 000000C0 4910    WAIT5   ldr              r1, = 0xEFFFF
  192 000000C2 3901    wait6   subs             r1, #1
  193 000000C4 D1FD            bne              wait6
  194 000000C6 D1DE            bne              wait13
  195 000000C8         ;; retour à la suite du lien de branchement
  196 000000C8 4770            BX               LR
  197 000000CA BF00            NOP
  198 000000CC                 END
              400FE108 
              40025400 
              4002551C 
              40025500 
              400250C0 
              40007510 
              4000751C 
              40007100 
              40024510 
              4002451C 
              40024004 
              00AFFFFF 
              40028058 
              40025040 
              000EFFFF 
Command Line: --debug --xref --diag_suppress=9931 --cpu=Cortex-M3 --apcs=interw



ARM Macro Assembler    Page 7 


ork --depend=.\objects\configraga.d -o.\objects\configraga.o -I.\RTE\_Target_1 
-IC:\Users\Ragavi\AppData\Local\Arm\Packs\ARM\CMSIS\5.8.0\CMSIS\Core\Include -I
C:\Users\Ragavi\AppData\Local\Arm\Packs\ARM\CMSIS\5.8.0\Device\ARM\ARMCM3\Inclu
de --predefine="__EVAL SETA 1" --predefine="__MICROLIB SETA 1" --predefine="__U
VISION_VERSION SETA 528" --predefine="_RTE_ SETA 1" --predefine="ARMCM3 SETA 1"
 --list=.\listings\configraga.lst configraga.s



ARM Macro Assembler    Page 1 Alphabetic symbol ordering
Relocatable symbols

.text 00000000

Symbol: .text
   Definitions
      At line 5 in file configraga.s
   Uses
      None
Comment: .text unused
WAIT 00000084

Symbol: WAIT
   Definitions
      At line 160 in file configraga.s
   Uses
      At line 151 in file configraga.s
      At line 152 in file configraga.s

WAIT5 000000C0

Symbol: WAIT5
   Definitions
      At line 191 in file configraga.s
   Uses
      At line 180 in file configraga.s
Comment: WAIT5 used once
__main 00000000

Symbol: __main
   Definitions
      At line 63 in file configraga.s
   Uses
      At line 45 in file configraga.s
Comment: __main used once
bump1 00000086

Symbol: bump1
   Definitions
      At line 165 in file configraga.s
   Uses
      At line 170 in file configraga.s
      At line 189 in file configraga.s

loop2 000000A8

Symbol: loop2
   Definitions
      At line 181 in file configraga.s
   Uses
      At line 190 in file configraga.s
Comment: loop2 used once
switch1 00000062

Symbol: switch1
   Definitions
      At line 134 in file configraga.s
   Uses
      At line 138 in file configraga.s
Comment: switch1 used once
wait13 00000086



ARM Macro Assembler    Page 2 Alphabetic symbol ordering
Relocatable symbols


Symbol: wait13
   Definitions
      At line 162 in file configraga.s
   Uses
      At line 194 in file configraga.s
Comment: wait13 used once
wait6 000000C2

Symbol: wait6
   Definitions
      At line 192 in file configraga.s
   Uses
      At line 193 in file configraga.s
Comment: wait6 used once
9 symbols



ARM Macro Assembler    Page 1 Alphabetic symbol ordering
Absolute symbols

BROCHE0 00000001

Symbol: BROCHE0
   Definitions
      At line 37 in file configraga.s
   Uses
      At line 117 in file configraga.s
      At line 121 in file configraga.s
      At line 124 in file configraga.s

BROCHE4_5 00000030

Symbol: BROCHE4_5
   Definitions
      At line 33 in file configraga.s
   Uses
      At line 80 in file configraga.s
      At line 84 in file configraga.s
      At line 88 in file configraga.s
      At line 94 in file configraga.s
      At line 96 in file configraga.s
      At line 130 in file configraga.s
      At line 176 in file configraga.s
      At line 186 in file configraga.s

BROCHE6 00000040

Symbol: BROCHE6
   Definitions
      At line 35 in file configraga.s
   Uses
      At line 104 in file configraga.s
      At line 108 in file configraga.s
      At line 111 in file configraga.s

DUREE 002FFFFF

Symbol: DUREE
   Definitions
      At line 43 in file configraga.s
   Uses
      None
Comment: DUREE unused
GPIO_I_PUR 00000510

Symbol: GPIO_I_PUR
   Definitions
      At line 30 in file configraga.s
   Uses
      At line 103 in file configraga.s
      At line 116 in file configraga.s

GPIO_O_DEN 0000051C

Symbol: GPIO_O_DEN
   Definitions
      At line 27 in file configraga.s
   Uses
      At line 83 in file configraga.s



ARM Macro Assembler    Page 2 Alphabetic symbol ordering
Absolute symbols

      At line 107 in file configraga.s
      At line 120 in file configraga.s

GPIO_O_DIR 00000400

Symbol: GPIO_O_DIR
   Definitions
      At line 19 in file configraga.s
   Uses
      At line 79 in file configraga.s
Comment: GPIO_O_DIR used once
GPIO_O_DR2R 00000500

Symbol: GPIO_O_DR2R
   Definitions
      At line 23 in file configraga.s
   Uses
      At line 87 in file configraga.s
Comment: GPIO_O_DR2R used once
GPIO_PORTD_BASE 40007000

Symbol: GPIO_PORTD_BASE
   Definitions
      At line 13 in file configraga.s
   Uses
      At line 103 in file configraga.s
      At line 107 in file configraga.s
      At line 111 in file configraga.s

GPIO_PORTE_BASE 40024000

Symbol: GPIO_PORTE_BASE
   Definitions
      At line 15 in file configraga.s
   Uses
      At line 116 in file configraga.s
      At line 120 in file configraga.s
      At line 124 in file configraga.s

GPIO_PORTF_BASE 40025000

Symbol: GPIO_PORTF_BASE
   Definitions
      At line 10 in file configraga.s
   Uses
      At line 79 in file configraga.s
      At line 83 in file configraga.s
      At line 87 in file configraga.s
      At line 96 in file configraga.s
      At line 130 in file configraga.s
      At line 176 in file configraga.s
      At line 178 in file configraga.s
      At line 186 in file configraga.s

PWM0CMPA 40028058

Symbol: PWM0CMPA
   Definitions
      At line 39 in file configraga.s



ARM Macro Assembler    Page 3 Alphabetic symbol ordering
Absolute symbols

   Uses
      At line 172 in file configraga.s
      At line 182 in file configraga.s

PWM_BASE 40028000

Symbol: PWM_BASE
   Definitions
      At line 38 in file configraga.s
   Uses
      At line 39 in file configraga.s
Comment: PWM_BASE used once
SYSCTL_PERIPH_GPIO 400FE108

Symbol: SYSCTL_PERIPH_GPIO
   Definitions
      At line 7 in file configraga.s
   Uses
      At line 67 in file configraga.s
Comment: SYSCTL_PERIPH_GPIO used once
14 symbols



ARM Macro Assembler    Page 1 Alphabetic symbol ordering
External symbols

MOTEUR_DROIT_ARRIERE 00000000

Symbol: MOTEUR_DROIT_ARRIERE
   Definitions
      At line 53 in file configraga.s
   Uses
      At line 147 in file configraga.s
      At line 185 in file configraga.s

MOTEUR_DROIT_AVANT 00000000

Symbol: MOTEUR_DROIT_AVANT
   Definitions
      At line 52 in file configraga.s
   Uses
      At line 175 in file configraga.s
Comment: MOTEUR_DROIT_AVANT used once
MOTEUR_DROIT_INVERSE 00000000

Symbol: MOTEUR_DROIT_INVERSE
   Definitions
      At line 54 in file configraga.s
   Uses
      None
Comment: MOTEUR_DROIT_INVERSE unused
MOTEUR_DROIT_OFF 00000000

Symbol: MOTEUR_DROIT_OFF
   Definitions
      At line 51 in file configraga.s
   Uses
      None
Comment: MOTEUR_DROIT_OFF unused
MOTEUR_DROIT_ON 00000000

Symbol: MOTEUR_DROIT_ON
   Definitions
      At line 50 in file configraga.s
   Uses
      At line 141 in file configraga.s
Comment: MOTEUR_DROIT_ON used once
MOTEUR_GAUCHE_ARRIERE 00000000

Symbol: MOTEUR_GAUCHE_ARRIERE
   Definitions
      At line 59 in file configraga.s
   Uses
      At line 148 in file configraga.s
Comment: MOTEUR_GAUCHE_ARRIERE used once
MOTEUR_GAUCHE_AVANT 00000000

Symbol: MOTEUR_GAUCHE_AVANT
   Definitions
      At line 58 in file configraga.s
   Uses
      None
Comment: MOTEUR_GAUCHE_AVANT unused
MOTEUR_GAUCHE_INVERSE 00000000




ARM Macro Assembler    Page 2 Alphabetic symbol ordering
External symbols

Symbol: MOTEUR_GAUCHE_INVERSE
   Definitions
      At line 60 in file configraga.s
   Uses
      None
Comment: MOTEUR_GAUCHE_INVERSE unused
MOTEUR_GAUCHE_OFF 00000000

Symbol: MOTEUR_GAUCHE_OFF
   Definitions
      At line 57 in file configraga.s
   Uses
      None
Comment: MOTEUR_GAUCHE_OFF unused
MOTEUR_GAUCHE_ON 00000000

Symbol: MOTEUR_GAUCHE_ON
   Definitions
      At line 56 in file configraga.s
   Uses
      At line 142 in file configraga.s
Comment: MOTEUR_GAUCHE_ON used once
MOTEUR_INIT 00000000

Symbol: MOTEUR_INIT
   Definitions
      At line 48 in file configraga.s
   Uses
      At line 128 in file configraga.s
Comment: MOTEUR_INIT used once
11 symbols
371 symbols in table
